#0 building with "desktop-linux" instance using docker driver

#1 [internal] load build definition from Dockerfile
#1 transferring dockerfile: 2.15kB 0.0s done
#1 DONE 0.1s

#2 [internal] load metadata for docker.io/library/node:22-alpine
#2 DONE 0.8s

#3 [internal] load .dockerignore
#3 transferring context: 269B 0.0s done
#3 DONE 0.1s

#4 [frontend 1/7] FROM docker.io/library/node:22-alpine@sha256:4d64b49e6c891c8fc821007cb1cdc6c0db7773110ac2c34bf2e6960adef62ed3
#4 resolve docker.io/library/node:22-alpine@sha256:4d64b49e6c891c8fc821007cb1cdc6c0db7773110ac2c34bf2e6960adef62ed3 0.1s done
#4 DONE 0.1s

#5 [internal] load build context
#5 transferring context: 18.85kB 0.7s done
#5 DONE 0.7s

#6 [frontend 5/7] RUN npm ci --omit=optional --legacy-peer-deps
#6 CACHED

#7 [frontend 6/7] COPY frontend/ ./
#7 CACHED

#8 [frontend 2/7] WORKDIR /app
#8 CACHED

#9 [frontend 3/7] COPY frontend/package.json frontend/package-lock.json frontend/.npmrc ./
#9 CACHED

#10 [frontend 4/7] COPY frontend/scripts ./scripts
#10 CACHED

#11 [frontend 7/7] RUN npm run build
#11 CACHED

#12 exporting to image
#12 exporting layers 0.0s done
#12 exporting manifest sha256:4a72af9534e2119f1f0d685e98c859c3e9fa7bdcda11ca31b4f14a13bab6ed1d done
#12 exporting config sha256:6a68fd53f981c60b475ab110c1d0d3d9af9941ace1a1e67a73100e69cb2ef42d done
#12 exporting attestation manifest sha256:1d6e972576f78ac9a63177e09e861ced8764e54378f24b667ee4899a37c82208 0.1s done
#12 exporting manifest list sha256:f1b1d167a14b3e429b8e59db928c287f2b34da4d854ad2d38cc8dea34f12e1a1 0.0s done
#12 naming to docker.io/library/crucibai-frontend-runtime-gate:latest
#12 naming to docker.io/library/crucibai-frontend-runtime-gate:latest done
#12 unpacking to docker.io/library/crucibai-frontend-runtime-gate:latest 0.0s done
#12 DONE 0.3s
