{
  "generated_at": "2026-04-08T16:24:23.356418+00:00",
  "passed": true,
  "passed_count": 8,
  "total_count": 8,
  "results": [
    {
      "id": "onboarding_three_outcomes",
      "requirement": "Onboarding presents the three launch paths and carries intent into the app.",
      "file": "frontend\\src\\pages\\OnboardingPage.jsx",
      "passed": true,
      "missing": []
    },
    {
      "id": "dashboard_golden_path",
      "requirement": "Dashboard foregrounds the prompt/import -> proof -> publish journey.",
      "file": "frontend\\src\\pages\\Dashboard.jsx",
      "passed": true,
      "missing": []
    },
    {
      "id": "engine_room_beta_gating",
      "requirement": "Incomplete engine-room product surfaces are marked beta instead of launch-ready.",
      "file": "frontend\\src\\components\\Sidebar.jsx",
      "passed": true,
      "missing": []
    },
    {
      "id": "public_status_full_systems",
      "requirement": "Public status page exposes the full-systems gate as a launch-critical service.",
      "file": "frontend\\src\\pages\\Status.jsx",
      "passed": true,
      "missing": []
    },
    {
      "id": "security_terminal_trust",
      "requirement": "Security page discloses terminal policy and full-systems proof posture.",
      "file": "frontend\\src\\pages\\Security.jsx",
      "passed": true,
      "missing": []
    },
    {
      "id": "visual_edit_endpoint",
      "requirement": "Visual edit v1 has an owned workspace patch endpoint and undo snapshot.",
      "file": "backend\\server.py",
      "passed": true,
      "missing": []
    },
    {
      "id": "terminal_audit_endpoint",
      "requirement": "Terminal actions have an authenticated user-visible audit trail.",
      "file": "backend\\server.py",
      "passed": true,
      "missing": []
    },
    {
      "id": "trust_full_systems_endpoint",
      "requirement": "Public trust API exposes full-systems proof status without leaking secrets.",
      "file": "backend\\routes\\trust.py",
      "passed": true,
      "missing": []
    }
  ]
}
