#0 building with "desktop-linux" instance using docker driver

#1 [internal] load build definition from Dockerfile
#1 transferring dockerfile: 1.78kB 0.0s done
#1 DONE 0.1s

#2 [internal] load metadata for docker.io/library/node:22-alpine
#2 DONE 0.4s

#3 [internal] load metadata for docker.io/library/python:3.11-slim-bookworm
#3 DONE 0.4s

#4 [internal] load .dockerignore
#4 transferring context: 223B done
#4 DONE 0.0s

#5 [internal] load build context
#5 DONE 0.0s

#6 [stage-1 1/9] FROM docker.io/library/python:3.11-slim-bookworm@sha256:9c6f90801e6b68e772b7c0ca74260cbf7af9f320acec894e26fccdaccfbe3b47
#6 resolve docker.io/library/python:3.11-slim-bookworm@sha256:9c6f90801e6b68e772b7c0ca74260cbf7af9f320acec894e26fccdaccfbe3b47
#6 resolve docker.io/library/python:3.11-slim-bookworm@sha256:9c6f90801e6b68e772b7c0ca74260cbf7af9f320acec894e26fccdaccfbe3b47 0.1s done
#6 DONE 0.1s

#7 [frontend 1/7] FROM docker.io/library/node:22-alpine@sha256:4d64b49e6c891c8fc821007cb1cdc6c0db7773110ac2c34bf2e6960adef62ed3
#7 resolve docker.io/library/node:22-alpine@sha256:4d64b49e6c891c8fc821007cb1cdc6c0db7773110ac2c34bf2e6960adef62ed3 0.1s done
#7 DONE 0.1s

#5 [internal] load build context
#5 transferring context: 66.84kB 0.2s done
#5 DONE 0.4s

#8 [frontend 6/7] COPY frontend/ ./
#8 CACHED

#9 [stage-1 3/9] RUN apt-get update && apt-get install -y --no-install-recommends curl     && rm -rf /var/lib/apt/lists/*
#9 CACHED

#10 [frontend 4/7] COPY frontend/scripts ./scripts
#10 CACHED

#11 [stage-1 4/9] COPY backend/requirements.txt ./requirements.txt
#11 CACHED

#12 [frontend 2/7] WORKDIR /app
#12 CACHED

#13 [frontend 5/7] RUN npm ci --omit=optional --legacy-peer-deps
#13 CACHED

#14 [frontend 7/7] RUN npm run build
#14 CACHED

#15 [stage-1 6/9] COPY backend/ ./
#15 CACHED

#16 [stage-1 7/9] RUN echo "Backend files copied"
#16 CACHED

#17 [stage-1 8/9] COPY --from=frontend /app/build ./static
#17 CACHED

#18 [stage-1 5/9] RUN echo "Installing dependencies..." && pip install --no-cache-dir -r requirements.txt && echo "Dependencies installed successfully"
#18 CACHED

#19 [stage-1 2/9] WORKDIR /app
#19 CACHED

#20 [frontend 3/7] COPY frontend/package.json frontend/package-lock.json frontend/.npmrc ./
#20 CACHED

#21 [stage-1 9/9] RUN echo "Frontend static files copied"
#21 CACHED

#22 exporting to image
#22 exporting layers 0.0s done
#22 exporting manifest sha256:e0c978946efe80bef3ca98bcb70a8c8326a29696dc2e7cf2801bbd5b330c705c 0.0s done
#22 exporting config sha256:2bdba80be38e71a0a7ad4450b4cdb3becd2fc53d9fb4427d19b0a103ba60eec2
#22 exporting config sha256:2bdba80be38e71a0a7ad4450b4cdb3becd2fc53d9fb4427d19b0a103ba60eec2 0.0s done
#22 exporting attestation manifest sha256:8c82f3fda26ee4c50486265faafdb8e5c395c97fd3c4bd8894717fd6e45a308c
#22 exporting attestation manifest sha256:8c82f3fda26ee4c50486265faafdb8e5c395c97fd3c4bd8894717fd6e45a308c 0.1s done
#22 exporting manifest list sha256:4468078eb357cecc20d8dabbad4303f48ac5389d1af87fe4e92ff17943d6f64f 0.0s done
#22 naming to docker.io/library/crucibai-railway-readiness:latest
#22 naming to docker.io/library/crucibai-railway-readiness:latest 0.0s done
#22 unpacking to docker.io/library/crucibai-railway-readiness:latest 0.1s done
#22 DONE 0.9s
