#0 building with "desktop-linux" instance using docker driver

#1 [internal] load build definition from Dockerfile
#1 transferring dockerfile: 2.31kB 0.0s done
#1 DONE 0.0s

#2 [internal] load metadata for docker.io/library/node:22-alpine
#2 DONE 0.2s

#3 [internal] load metadata for docker.io/library/python:3.11-slim-bookworm
#3 DONE 0.6s

#4 [internal] load .dockerignore
#4 transferring context: 302B done
#4 DONE 0.0s

#5 [internal] load build context
#5 DONE 0.0s

#6 [frontend 1/7] FROM docker.io/library/node:22-alpine@sha256:4d64b49e6c891c8fc821007cb1cdc6c0db7773110ac2c34bf2e6960adef62ed3
#6 resolve docker.io/library/node:22-alpine@sha256:4d64b49e6c891c8fc821007cb1cdc6c0db7773110ac2c34bf2e6960adef62ed3 0.1s done
#6 DONE 0.1s

#7 [stage-1  1/16] FROM docker.io/library/python:3.11-slim-bookworm@sha256:9c6f90801e6b68e772b7c0ca74260cbf7af9f320acec894e26fccdaccfbe3b47
#7 resolve docker.io/library/python:3.11-slim-bookworm@sha256:9c6f90801e6b68e772b7c0ca74260cbf7af9f320acec894e26fccdaccfbe3b47 0.1s done
#7 DONE 0.1s

#5 [internal] load build context
#5 transferring context: 22.38MB 3.9s done
#5 DONE 3.9s

#8 [stage-1  5/16] COPY backend/requirements.txt ./requirements.txt
#8 CACHED

#9 [stage-1  4/16] RUN apt-get update && apt-get install -y --no-install-recommends curl     && rm -rf /var/lib/apt/lists/*
#9 CACHED

#10 [stage-1  6/16] RUN echo "Installing dependencies..." && pip install --no-cache-dir -r requirements.txt && echo "Dependencies installed successfully"
#10 CACHED

#11 [stage-1  3/16] WORKDIR /app
#11 CACHED

#12 [stage-1  2/16] RUN apt-get update && apt-get install -y nodejs npm curl && rm -rf /var/lib/apt/lists/*
#12 CACHED

#13 [stage-1  7/16] RUN python -m playwright install --with-deps chromium
#13 CACHED

#14 [frontend 4/7] COPY frontend/scripts ./scripts
#14 CACHED

#15 [frontend 2/7] WORKDIR /app
#15 CACHED

#16 [frontend 3/7] COPY frontend/package.json frontend/package-lock.json frontend/.npmrc ./
#16 CACHED

#17 [frontend 5/7] RUN npm ci --omit=optional --legacy-peer-deps
#17 CACHED

#18 [frontend 6/7] COPY frontend/ ./
#18 CACHED

#19 [frontend 7/7] RUN npm run build
#19 CACHED

#20 [stage-1  8/16] COPY backend/ ./
#20 DONE 1.6s

#21 [stage-1  9/16] RUN echo "Backend files copied"
#21 0.764 Backend files copied
#21 DONE 0.8s

#22 [stage-1 10/16] COPY --from=frontend /app/build ./static
#22 DONE 0.5s

#23 [stage-1 11/16] RUN echo "Frontend static files copied"
#23 0.376 Frontend static files copied
#23 DONE 0.4s

#24 [stage-1 12/16] COPY proof/benchmarks/repeatability_v1/summary.json /proof/benchmarks/repeatability_v1/summary.json
#24 DONE 0.1s

#25 [stage-1 13/16] COPY proof/benchmarks/repeatability_v1/PASS_FAIL.md /proof/benchmarks/repeatability_v1/PASS_FAIL.md
#25 DONE 0.1s

#26 [stage-1 14/16] COPY proof/full_systems/summary.json /proof/full_systems/summary.json
#26 DONE 0.1s

#27 [stage-1 15/16] COPY proof/full_systems/PASS_FAIL.md /proof/full_systems/PASS_FAIL.md
#27 DONE 0.1s

#28 [stage-1 16/16] RUN echo "Benchmark and full systems proof files copied"
#28 0.413 Benchmark and full systems proof files copied
#28 DONE 0.4s

#29 exporting to image
#29 exporting layers
#29 exporting layers 2.5s done
#29 exporting manifest sha256:af4bdd17708fb00ba823e64300552e287b94578a8d28b9bbc5e7d492cba481cc 0.0s done
#29 exporting config sha256:722fc6bd6aee022e9eecbe3e89cee3d389e7f0bf3db6f29fd982d6d3c2ec787b 0.0s done
#29 exporting attestation manifest sha256:2366763f8f3f2a01c53a307632ff879a2cd887e798765bcc318cd402f97a80a7 0.1s done
#29 exporting manifest list sha256:e43081cf47cac089cf51d2e0524da490de0e158ca2d9e41db1ab8524427cd8de
#29 exporting manifest list sha256:e43081cf47cac089cf51d2e0524da490de0e158ca2d9e41db1ab8524427cd8de 0.0s done
#29 naming to docker.io/library/crucibai-railway-readiness:latest done
#29 unpacking to docker.io/library/crucibai-railway-readiness:latest
#29 unpacking to docker.io/library/crucibai-railway-readiness:latest 1.9s done
#29 DONE 4.7s
